<?xml version="1.0" encoding="UTF-8" standalone="yes" ?>
<test-results name="D:\Projets\Exercism\delphi\gigasecond\Gigasecond.exe" total="5" errors="0" failures="0" ignored="0" inconclusive="0" not-run="0" skipped="0" invalid="0" date="2021-10-15" time="0.001">
  <culture-info current-culture="en" current-uiculture="en" />
  <test-suite type="Assembly" name="Gigasecond.exe" executed="true" result="Success" success="True" time="0.001" asserts="0">
    <results>
        <test-suite type="Namespace" name="uGigasecondTests" executed="true" result="Success" success="True" time="0.001" asserts="0" >
          <results>
              <test-suite type="Fixture" name="TGigasecondTest" executed="True" result="Success" success="True" time="0.001" >
                <results>
                  <test-case name="date_only_specification_of_time" executed="True" result="Success" success="True" time="0.000" asserts="0" />
                  <test-case name="second_test_for_date_only_specification_of_time" executed="True" result="Success" success="True" time="0.000" asserts="0" />
                  <test-case name="third_test_for_date_only_specification_of_time" executed="True" result="Success" success="True" time="0.000" asserts="0" />
                  <test-case name="full_time_specified" executed="True" result="Success" success="True" time="0.000" asserts="0" />
                  <test-case name="full_time_with_day_roll_over" executed="True" result="Success" success="True" time="0.000" asserts="0" />
                </results>
              </test-suite>
          </results>
        </test-suite>
    </results>
  </test-suite>
</test-results>
